{"/Users/pihujha/Desktop/csc-307-app/packages/jest-unit-testing/module.js": {"path":"/Users/pihujha/Desktop/csc-307-app/packages/jest-unit-testing/module.js","statementMap":{"0":{"start":{"line":3,"column":2},"end":{"line":3,"column":15}},"1":{"start":{"line":8,"column":2},"end":{"line":8,"column":15}},"2":{"start":{"line":12,"column":2},"end":{"line":15,"column":3}},"3":{"start":{"line":12,"column":15},"end":{"line":12,"column":16}},"4":{"start":{"line":13,"column":3},"end":{"line":14,"column":16}},"5":{"start":{"line":14,"column":4},"end":{"line":14,"column":16}},"6":{"start":{"line":16,"column":2},"end":{"line":16,"column":15}}},"fnMap":{"0":{"name":"sum","decl":{"start":{"line":2,"column":9},"end":{"line":2,"column":12}},"loc":{"start":{"line":2,"column":19},"end":{"line":4,"column":1}},"line":2},"1":{"name":"div","decl":{"start":{"line":7,"column":9},"end":{"line":7,"column":12}},"loc":{"start":{"line":7,"column":19},"end":{"line":9,"column":1}},"line":7},"2":{"name":"containsNumbers","decl":{"start":{"line":11,"column":9},"end":{"line":11,"column":24}},"loc":{"start":{"line":11,"column":30},"end":{"line":17,"column":1}},"line":11}},"branchMap":{"0":{"loc":{"start":{"line":13,"column":3},"end":{"line":14,"column":16}},"type":"if","locations":[{"start":{"line":13,"column":3},"end":{"line":14,"column":16}},{"start":{},"end":{}}],"line":13}},"s":{"0":4,"1":3,"2":4,"3":4,"4":10,"5":2,"6":2},"f":{"0":4,"1":3,"2":4},"b":{"0":[2,8]},"_coverageSchema":"1a1c01bbd47fc00a2c39e90264f33305004495a9","hash":"736a55e02cc1692616c2d82e1c1178803e8e68d0"}
}
